{"name": "Textbox", "status": "failed", "statusDetails": {"message": "AssertionError: Name output doesnt show", "trace": "E   AssertionError: Name output doesnt show"}, "steps": [{"name": "Open https://demoqa.com/text-box page", "status": "passed", "start": 1718462920830, "stop": 1718462988338}, {"name": "Page https://demoqa.com/text-box is opened", "status": "passed", "start": 1718462988338, "stop": 1718462988345}, {"name": "Enter fullname", "status": "passed", "parameters": [{"name": "fullname", "value": "'John Smith'"}], "start": 1718462988345, "stop": 1718462989559}, {"name": "Enter email", "status": "passed", "parameters": [{"name": "email", "value": "'testemail@example.com'"}], "start": 1718462989560, "stop": 1718462991271}, {"name": "Enter current address", "status": "passed", "parameters": [{"name": "current_address", "value": "'Random street 1 69'"}], "start": 1718462991271, "stop": 1718462991544}, {"name": "Enter permanent address", "status": "passed", "parameters": [{"name": "permanent_address", "value": "'Perma street 1 23'"}], "start": 1718462991544, "stop": 1718462991678}, {"name": "Click submit button", "status": "passed", "start": 1718462991678, "stop": 1718462991797}], "start": 1718462920830, "stop": 1718462991816, "uuid": "dfaaa8be-23e0-427f-99ed-76a6ec3b2f26", "historyId": "45a3e04cfc046e11670b7e252dda2ca7", "testCaseId": "45a3e04cfc046e11670b7e252dda2ca7", "fullName": "tests.test_textbox.TestTextBox#test_textbox", "labels": [{"name": "feature", "value": "Textbox test"}, {"name": "parentSuite", "value": "tests"}, {"name": "suite", "value": "test_textbox"}, {"name": "subSuite", "value": "TestTextBox"}, {"name": "host", "value": "knd-X550LC"}, {"name": "thread", "value": "12088-MainThread"}, {"name": "framework", "value": "pytest"}, {"name": "language", "value": "cpython3"}, {"name": "package", "value": "tests.test_textbox"}]}